{
  "stats": {
    "suites": 1,
    "tests": 1,
    "passes": 1,
    "pending": 0,
    "failures": 0,
    "start": "2023-10-31T10:09:10.732Z",
    "end": "2023-10-31T10:09:13.623Z",
    "duration": 2891,
    "testsRegistered": 1,
    "passPercent": 100,
    "pendingPercent": 0,
    "other": 0,
    "hasOther": false,
    "skipped": 0,
    "hasSkipped": false
  },
  "results": [
    {
      "uuid": "9d6b5f11-4d0c-4b6c-bd27-aaaa9e30efeb",
      "title": "",
      "fullFile": "cypress/e2e/secondTest.spec.js",
      "file": "cypress/e2e/secondTest.spec.js",
      "beforeHooks": [],
      "afterHooks": [],
      "tests": [],
      "suites": [
        {
          "uuid": "04ccb42d-19c1-432d-832e-4c0d49e3e74e",
          "title": "Test log out",
          "fullFile": "",
          "file": "",
          "beforeHooks": [],
          "afterHooks": [],
          "tests": [
            {
              "title": "verify use can log out successfully",
              "fullTitle": "Test log out verify use can log out successfully",
              "timedOut": null,
              "duration": 2855,
              "state": "passed",
              "speed": "fast",
              "pass": true,
              "fail": false,
              "pending": false,
              "context": null,
              "code": "cy.contains('Settings').click();\n//cy.get(\"[class='btn btn-outline-danger']\", { timeout: 10000 }).should('be.visible');\ncy.get(\"[class='btn btn-outline-danger']\").click();\ncy.get('.navbar-nav').should('contain', 'Sign up');",
              "err": {},
              "uuid": "da882e57-8336-4c19-96fe-06b3b20fa400",
              "parentUUID": "04ccb42d-19c1-432d-832e-4c0d49e3e74e",
              "isHook": false,
              "skipped": false
            }
          ],
          "suites": [],
          "passes": ["da882e57-8336-4c19-96fe-06b3b20fa400"],
          "failures": [],
          "pending": [],
          "skipped": [],
          "duration": 2855,
          "root": false,
          "rootEmpty": false,
          "_timeout": 2000
        }
      ],
      "passes": [],
      "failures": [],
      "pending": [],
      "skipped": [],
      "duration": 0,
      "root": true,
      "rootEmpty": true,
      "_timeout": 2000
    }
  ],
  "meta": {
    "mocha": {
      "version": "7.0.1"
    },
    "mochawesome": {
      "options": {
        "quiet": false,
        "reportFilename": "mochawesome",
        "saveHtml": false,
        "saveJson": true,
        "consoleReporter": "spec",
        "useInlineDiffs": false,
        "code": true
      },
      "version": "7.1.3"
    },
    "marge": {
      "options": {
        "reportDir": "cypress/results",
        "overwrite": false,
        "html": false,
        "json": true
      },
      "version": "6.2.0"
    }
  }
}
