<?xml version="1.0" encoding="UTF-8"?>
<testsuites name="Mocha Tests" time="9.684" tests="1" failures="0">
  <testsuite name="Root Suite" timestamp="2023-10-30T10:17:43" tests="0" file="cypress/e2e/firstTest.spec.js" time="0.000" failures="0">
  </testsuite>
  <testsuite name="Test with backend" timestamp="2023-10-30T10:17:43" tests="1" time="9.681" failures="0">
    <testcase name="Test with backend delete a new article in a global feed" time="9.658" classname="delete a new article in a global feed">
    </testcase>
  </testsuite>
</testsuites>