{
  "stats": {
    "suites": 1,
    "tests": 1,
    "passes": 1,
    "pending": 0,
    "failures": 0,
    "start": "2023-10-31T15:31:16.269Z",
    "end": "2023-10-31T15:31:24.153Z",
    "duration": 7884,
    "testsRegistered": 1,
    "passPercent": 100,
    "pendingPercent": 0,
    "other": 0,
    "hasOther": false,
    "skipped": 0,
    "hasSkipped": false
  },
  "results": [
    {
      "uuid": "2f0b3c8d-1424-4152-a871-a40233a9862e",
      "title": "",
      "fullFile": "cypress/e2e/firstTest.spec.js",
      "file": "cypress/e2e/firstTest.spec.js",
      "beforeHooks": [],
      "afterHooks": [],
      "tests": [],
      "suites": [
        {
          "uuid": "b95d409a-1291-4145-8498-1ed34db9f471",
          "title": "Test with backend",
          "fullFile": "",
          "file": "",
          "beforeHooks": [],
          "afterHooks": [],
          "tests": [
            {
              "title": "delete a new article in a global feed",
              "fullTitle": "Test with backend delete a new article in a global feed",
              "timedOut": null,
              "duration": 7857,
              "state": "passed",
              "speed": "medium",
              "pass": true,
              "fail": false,
              "pending": false,
              "context": null,
              "code": "// const userCredentials = {\n//     \"user\":\n//     {\n//         \"email\": \"dogantugrulhan@gmail.com\",\n//         \"password\": \"Baklava1.\"\n//     }\n// }\nconst bodyRequest = {\n  \"article\": {\n    \"body\": \"Angular is cool\",\n    \"description\": \"Tugrulhan\",\n    \"tagList\": [],\n    \"title\": \"Request from APII1nn\"\n  }\n};\ncy.get('@token').then(token => {\n  //const token = body.user.token\n  cy.request({\n    url: Cypress.env('apiUrl') + '/api/articles/',\n    headers: {\n      'Authorization': 'Token ' + token\n    },\n    method: 'POST',\n    body: bodyRequest\n  }).then(response => {\n    expect(response.status).to.equal(201);\n  });\n  cy.contains('Global Feed').click();\n  cy.wait(3000);\n  cy.get('.article-preview').first().click();\n  cy.get('.article-actions').contains('Delete Article').click();\n  cy.request({\n    url: Cypress.env('apiUrl') + '/api/articles?limit=10&offset=0',\n    headers: {\n      'Authorization': 'Token ' + token\n    },\n    method: 'GET'\n  }).its('body').then(body => {\n    expect(body.articles[0].title).not.to.equal('Request from APII');\n  });\n});",
              "err": {},
              "uuid": "dc554f33-1ba7-4f37-82e3-3d6e1c1c9cf5",
              "parentUUID": "b95d409a-1291-4145-8498-1ed34db9f471",
              "isHook": false,
              "skipped": false
            }
          ],
          "suites": [],
          "passes": ["dc554f33-1ba7-4f37-82e3-3d6e1c1c9cf5"],
          "failures": [],
          "pending": [],
          "skipped": [],
          "duration": 7857,
          "root": false,
          "rootEmpty": false,
          "_timeout": 2000
        }
      ],
      "passes": [],
      "failures": [],
      "pending": [],
      "skipped": [],
      "duration": 0,
      "root": true,
      "rootEmpty": true,
      "_timeout": 2000
    }
  ],
  "meta": {
    "mocha": {
      "version": "7.0.1"
    },
    "mochawesome": {
      "options": {
        "quiet": false,
        "reportFilename": "mochawesome",
        "saveHtml": false,
        "saveJson": true,
        "consoleReporter": "spec",
        "useInlineDiffs": false,
        "code": true
      },
      "version": "7.1.3"
    },
    "marge": {
      "options": {
        "id": "default",
        "reportDir": "cypress/results/mochawesome",
        "overwrite": false,
        "html": false,
        "json": true
      },
      "version": "6.2.0"
    }
  }
}
