<?xml version="1.0" encoding="UTF-8"?>
<testsuites name="Mocha Tests" time="3.008" tests="1" failures="0">
  <testsuite name="Root Suite" timestamp="2023-10-31T15:31:25" tests="0" file="cypress/e2e/secondTest.spec.js" time="0.000" failures="0">
  </testsuite>
  <testsuite name="Test log out" timestamp="2023-10-31T15:31:25" tests="1" time="2.997" failures="0">
    <testcase name="Test log out verify use can log out successfully" time="2.965" classname="verify use can log out successfully">
    </testcase>
  </testsuite>
</testsuites>